[ 2017-08-16T19:43:12+08:00 ] 127.0.0.1 /dome/index.php/Index/unse.html
INFO: [ app_init ] --START--
INFO: Run Behavior\BuildLiteBehavior [ RunTime:0.000049s ]
INFO: [ app_init ] --END-- [ RunTime:0.001614s ]
INFO: [ app_begin ] --START--
INFO: Run Behavior\ReadHtmlCacheBehavior [ RunTime:0.009982s ]
INFO: [ app_begin ] --END-- [ RunTime:0.010227s ]

[ 2017-08-16T19:46:37+08:00 ] 127.0.0.1 /dome/index.php/
INFO: [ app_init ] --START--
INFO: Run Behavior\BuildLiteBehavior [ RunTime:0.000037s ]
INFO: [ app_init ] --END-- [ RunTime:0.001166s ]
INFO: [ app_begin ] --START--
INFO: Run Behavior\ReadHtmlCacheBehavior [ RunTime:0.001811s ]
INFO: [ app_begin ] --END-- [ RunTime:0.001987s ]

[ 2017-08-16T19:46:53+08:00 ] 127.0.0.1 /dome/index.php/
INFO: [ app_init ] --START--
INFO: Run Behavior\BuildLiteBehavior [ RunTime:0.000202s ]
INFO: [ app_init ] --END-- [ RunTime:0.002369s ]
INFO: [ app_begin ] --START--
INFO: Run Behavior\ReadHtmlCacheBehavior [ RunTime:0.001772s ]
INFO: [ app_begin ] --END-- [ RunTime:0.002004s ]
ERR: 非法操作:index

[ 2017-08-16T19:47:22+08:00 ] 127.0.0.1 /dome/index.php/
INFO: [ app_init ] --START--
INFO: Run Behavior\BuildLiteBehavior [ RunTime:0.000042s ]
INFO: [ app_init ] --END-- [ RunTime:0.001810s ]
INFO: [ app_begin ] --START--
INFO: Run Behavior\ReadHtmlCacheBehavior [ RunTime:0.005434s ]
INFO: [ app_begin ] --END-- [ RunTime:0.005673s ]
INFO: [ app_end ] --START--
INFO: Run Behavior\ShowPageTraceBehavior [ RunTime:0.002416s ]
INFO: [ app_end ] --END-- [ RunTime:0.002585s ]

[ 2017-08-16T19:47:24+08:00 ] 127.0.0.1 /dome/index.php/
INFO: [ app_init ] --START--
INFO: Run Behavior\BuildLiteBehavior [ RunTime:0.000037s ]
INFO: [ app_init ] --END-- [ RunTime:0.001378s ]
INFO: [ app_begin ] --START--
INFO: Run Behavior\ReadHtmlCacheBehavior [ RunTime:0.002826s ]
INFO: [ app_begin ] --END-- [ RunTime:0.003097s ]
INFO: [ app_end ] --START--
INFO: Run Behavior\ShowPageTraceBehavior [ RunTime:0.002361s ]
INFO: [ app_end ] --END-- [ RunTime:0.002597s ]

[ 2017-08-16T19:47:39+08:00 ] 127.0.0.1 /dome/index.php/Admin/Login/login.html
INFO: [ app_init ] --START--
INFO: Run Behavior\BuildLiteBehavior [ RunTime:0.000116s ]
INFO: [ app_init ] --END-- [ RunTime:0.003580s ]
INFO: [ app_begin ] --START--
INFO: Run Behavior\ReadHtmlCacheBehavior [ RunTime:0.006548s ]
INFO: [ app_begin ] --END-- [ RunTime:0.006765s ]
ERR: 无法加载控制器:Admin

[ 2017-08-16T19:49:57+08:00 ] 127.0.0.1 /dome/index.php/Admin/Login/login.html
INFO: [ app_init ] --START--
INFO: Run Behavior\BuildLiteBehavior [ RunTime:0.000038s ]
INFO: [ app_init ] --END-- [ RunTime:0.001346s ]
INFO: [ app_begin ] --START--
INFO: Run Behavior\ReadHtmlCacheBehavior [ RunTime:0.002302s ]
INFO: [ app_begin ] --END-- [ RunTime:0.002498s ]
ERR: 无法加载控制器:Admin

[ 2017-08-16T19:49:59+08:00 ] 127.0.0.1 /dome/index.php/Admin/Login/login.html
INFO: [ app_init ] --START--
INFO: Run Behavior\BuildLiteBehavior [ RunTime:0.000038s ]
INFO: [ app_init ] --END-- [ RunTime:0.001136s ]
INFO: [ app_begin ] --START--
INFO: Run Behavior\ReadHtmlCacheBehavior [ RunTime:0.002507s ]
INFO: [ app_begin ] --END-- [ RunTime:0.002729s ]
ERR: 无法加载控制器:Admin

[ 2017-08-16T19:50:15+08:00 ] 127.0.0.1 /dome/admin.php/Admin/Login/login.html
INFO: [ app_init ] --START--
INFO: Run Behavior\BuildLiteBehavior [ RunTime:0.000041s ]
INFO: [ app_init ] --END-- [ RunTime:0.001934s ]
INFO: [ app_begin ] --START--
INFO: Run Behavior\ReadHtmlCacheBehavior [ RunTime:0.004755s ]
INFO: [ app_begin ] --END-- [ RunTime:0.004955s ]
ERR: 无法加载控制器:Admin.php

[ 2017-08-16T19:50:20+08:00 ] 127.0.0.1 /dome/admin.php
INFO: [ app_init ] --START--
INFO: Run Behavior\BuildLiteBehavior [ RunTime:0.000036s ]
INFO: [ app_init ] --END-- [ RunTime:0.001009s ]
INFO: [ app_begin ] --START--
INFO: Run Behavior\ReadHtmlCacheBehavior [ RunTime:0.001846s ]
INFO: [ app_begin ] --END-- [ RunTime:0.002018s ]
ERR: 无法加载控制器:Admin.php

[ 2017-08-16T19:50:28+08:00 ] 127.0.0.1 /dome/admin.php
INFO: [ app_init ] --START--
INFO: Run Behavior\BuildLiteBehavior [ RunTime:0.000061s ]
INFO: [ app_init ] --END-- [ RunTime:0.004337s ]
INFO: [ app_begin ] --START--
INFO: Run Behavior\ReadHtmlCacheBehavior [ RunTime:0.001989s ]
INFO: [ app_begin ] --END-- [ RunTime:0.002172s ]
ERR: 无法加载控制器:Admin.php

[ 2017-08-16T19:50:30+08:00 ] 127.0.0.1 /dome/admin.php/Admin/Login/login.html
INFO: [ app_init ] --START--
INFO: Run Behavior\BuildLiteBehavior [ RunTime:0.000058s ]
INFO: [ app_init ] --END-- [ RunTime:0.004277s ]
INFO: [ app_begin ] --START--
INFO: Run Behavior\ReadHtmlCacheBehavior [ RunTime:0.001849s ]
INFO: [ app_begin ] --END-- [ RunTime:0.002030s ]
ERR: 无法加载控制器:Admin.php

[ 2017-08-16T19:51:10+08:00 ] 127.0.0.1 /dome/index.php
INFO: [ app_init ] --START--
INFO: Run Behavior\BuildLiteBehavior [ RunTime:0.000035s ]
INFO: [ app_init ] --END-- [ RunTime:0.001077s ]
INFO: [ app_begin ] --START--
INFO: Run Behavior\ReadHtmlCacheBehavior [ RunTime:0.001676s ]
INFO: [ app_begin ] --END-- [ RunTime:0.001872s ]
INFO: [ app_end ] --START--
INFO: Run Behavior\ShowPageTraceBehavior [ RunTime:0.002164s ]
INFO: [ app_end ] --END-- [ RunTime:0.002346s ]

[ 2017-08-16T19:51:32+08:00 ] 127.0.0.1 /dome/index.php
INFO: [ app_init ] --START--
INFO: Run Behavior\BuildLiteBehavior [ RunTime:0.000381s ]
INFO: [ app_init ] --END-- [ RunTime:0.002370s ]
INFO: [ app_begin ] --START--
INFO: Run Behavior\ReadHtmlCacheBehavior [ RunTime:0.002629s ]
INFO: [ app_begin ] --END-- [ RunTime:0.002847s ]
INFO: [ view_parse ] --START--
INFO: [ template_filter ] --START--
INFO: Run Behavior\ContentReplaceBehavior [ RunTime:0.000421s ]
INFO: [ template_filter ] --END-- [ RunTime:0.000946s ]
INFO: Run Behavior\ParseTemplateBehavior [ RunTime:0.054765s ]
INFO: [ view_parse ] --END-- [ RunTime:0.054934s ]
INFO: [ view_filter ] --START--
INFO: Run Behavior\WriteHtmlCacheBehavior [ RunTime:0.002481s ]
INFO: [ view_filter ] --END-- [ RunTime:0.002641s ]
INFO: [ app_end ] --START--
INFO: Run Behavior\ShowPageTraceBehavior [ RunTime:0.002418s ]
INFO: [ app_end ] --END-- [ RunTime:0.002582s ]

[ 2017-08-16T19:51:50+08:00 ] 127.0.0.1 /dome/index.php/Login/log_in?adm_name=home&adm_pwd=456456
INFO: [ app_init ] --START--
INFO: Run Behavior\BuildLiteBehavior [ RunTime:0.000083s ]
INFO: [ app_init ] --END-- [ RunTime:0.001575s ]
INFO: [ app_begin ] --START--
INFO: Run Behavior\ReadHtmlCacheBehavior [ RunTime:0.001702s ]
INFO: [ app_begin ] --END-- [ RunTime:0.001998s ]
ERR: 无法加载控制器:Login

[ 2017-08-16T19:53:04+08:00 ] 127.0.0.1 /dome/home.php
INFO: [ app_init ] --START--
INFO: Run Behavior\BuildLiteBehavior [ RunTime:0.000047s ]
INFO: [ app_init ] --END-- [ RunTime:0.003394s ]
INFO: [ app_begin ] --START--
INFO: Run Behavior\ReadHtmlCacheBehavior [ RunTime:0.003930s ]
INFO: [ app_begin ] --END-- [ RunTime:0.004100s ]
INFO: [ view_parse ] --START--
INFO: [ template_filter ] --START--
INFO: Run Behavior\ContentReplaceBehavior [ RunTime:0.002084s ]
INFO: [ template_filter ] --END-- [ RunTime:0.002361s ]
INFO: Run Behavior\ParseTemplateBehavior [ RunTime:0.057638s ]
INFO: [ view_parse ] --END-- [ RunTime:0.057808s ]
INFO: [ view_filter ] --START--
INFO: Run Behavior\WriteHtmlCacheBehavior [ RunTime:0.001420s ]
INFO: [ view_filter ] --END-- [ RunTime:0.001550s ]
INFO: [ app_end ] --START--
INFO: Run Behavior\ShowPageTraceBehavior [ RunTime:0.010895s ]
INFO: [ app_end ] --END-- [ RunTime:0.011117s ]

[ 2017-08-16T19:53:31+08:00 ] 127.0.0.1 /dome/home.php
INFO: [ app_init ] --START--
INFO: Run Behavior\BuildLiteBehavior [ RunTime:0.000038s ]
INFO: [ app_init ] --END-- [ RunTime:0.001142s ]
INFO: [ app_begin ] --START--
INFO: Run Behavior\ReadHtmlCacheBehavior [ RunTime:0.002022s ]
INFO: [ app_begin ] --END-- [ RunTime:0.002590s ]
INFO: [ view_parse ] --START--
INFO: [ template_filter ] --START--
INFO: Run Behavior\ContentReplaceBehavior [ RunTime:0.000841s ]
INFO: [ template_filter ] --END-- [ RunTime:0.001096s ]
INFO: Run Behavior\ParseTemplateBehavior [ RunTime:0.049177s ]
INFO: [ view_parse ] --END-- [ RunTime:0.050800s ]
INFO: [ view_filter ] --START--
INFO: Run Behavior\WriteHtmlCacheBehavior [ RunTime:0.001558s ]
INFO: [ view_filter ] --END-- [ RunTime:0.001828s ]
INFO: [ app_end ] --START--
INFO: Run Behavior\ShowPageTraceBehavior [ RunTime:0.002298s ]
INFO: [ app_end ] --END-- [ RunTime:0.002631s ]

[ 2017-08-16T19:55:32+08:00 ] 127.0.0.1 /dome/hoome.php
INFO: [ app_init ] --START--
INFO: Run Behavior\BuildLiteBehavior [ RunTime:0.000109s ]
INFO: [ app_init ] --END-- [ RunTime:0.002182s ]
INFO: [ app_begin ] --START--
INFO: Run Behavior\ReadHtmlCacheBehavior [ RunTime:0.002703s ]
INFO: [ app_begin ] --END-- [ RunTime:0.002976s ]
ERR: 无法加载控制器:Hoome.php

[ 2017-08-16T19:55:37+08:00 ] 127.0.0.1 /dome/index.php
INFO: [ app_init ] --START--
INFO: Run Behavior\BuildLiteBehavior [ RunTime:0.000038s ]
INFO: [ app_init ] --END-- [ RunTime:0.001556s ]
INFO: [ app_begin ] --START--
INFO: Run Behavior\ReadHtmlCacheBehavior [ RunTime:0.005241s ]
INFO: [ app_begin ] --END-- [ RunTime:0.005512s ]
INFO: [ view_parse ] --START--
INFO: [ template_filter ] --START--
INFO: Run Behavior\ContentReplaceBehavior [ RunTime:0.000329s ]
INFO: [ template_filter ] --END-- [ RunTime:0.000466s ]
INFO: Run Behavior\ParseTemplateBehavior [ RunTime:0.051107s ]
INFO: [ view_parse ] --END-- [ RunTime:0.051498s ]
INFO: [ view_filter ] --START--
INFO: Run Behavior\WriteHtmlCacheBehavior [ RunTime:0.002103s ]
INFO: [ view_filter ] --END-- [ RunTime:0.002231s ]
INFO: [ app_end ] --START--
INFO: Run Behavior\ShowPageTraceBehavior [ RunTime:0.007727s ]
INFO: [ app_end ] --END-- [ RunTime:0.007896s ]

[ 2017-08-16T19:55:50+08:00 ] 127.0.0.1 /dome/index.php/Login/log_in?adm_name=home&adm_pwd=456456
INFO: [ app_init ] --START--
INFO: Run Behavior\BuildLiteBehavior [ RunTime:0.000040s ]
INFO: [ app_init ] --END-- [ RunTime:0.001805s ]
INFO: [ app_begin ] --START--
INFO: Run Behavior\ReadHtmlCacheBehavior [ RunTime:0.002800s ]
INFO: [ app_begin ] --END-- [ RunTime:0.003139s ]
ERR: 无法加载控制器:Login

[ 2017-08-16T19:55:50+08:00 ] 127.0.0.1 /dome/index.php/Login/log_in?adm_name=home&adm_pwd=456456
INFO: [ app_init ] --START--
INFO: Run Behavior\BuildLiteBehavior [ RunTime:0.000042s ]
INFO: [ app_init ] --END-- [ RunTime:0.001469s ]
INFO: [ app_begin ] --START--
INFO: Run Behavior\ReadHtmlCacheBehavior [ RunTime:0.002498s ]
INFO: [ app_begin ] --END-- [ RunTime:0.002823s ]
ERR: 无法加载控制器:Login

[ 2017-08-16T19:56:45+08:00 ] 127.0.0.1 /dome/index.php/Login/log_in?adm_name=home&adm_pwd=456456
INFO: [ app_init ] --START--
INFO: Run Behavior\BuildLiteBehavior [ RunTime:0.000038s ]
INFO: [ app_init ] --END-- [ RunTime:0.001282s ]
INFO: [ app_begin ] --START--
INFO: Run Behavior\ReadHtmlCacheBehavior [ RunTime:0.001585s ]
INFO: [ app_begin ] --END-- [ RunTime:0.001748s ]
ERR: 无法加载控制器:Login

[ 2017-08-16T19:56:54+08:00 ] 127.0.0.1 /dome/index.php/Login/log_in?adm_name=home&adm_pwd=456456
INFO: [ app_init ] --START--
INFO: Run Behavior\BuildLiteBehavior [ RunTime:0.000045s ]
INFO: [ app_init ] --END-- [ RunTime:0.001412s ]
INFO: [ app_begin ] --START--
INFO: Run Behavior\ReadHtmlCacheBehavior [ RunTime:0.001985s ]
INFO: [ app_begin ] --END-- [ RunTime:0.002191s ]
ERR: 无法加载控制器:Login

[ 2017-08-16T19:56:54+08:00 ] 127.0.0.1 /dome/index.php/Login/log_in?adm_name=home&adm_pwd=456456
INFO: [ app_init ] --START--
INFO: Run Behavior\BuildLiteBehavior [ RunTime:0.000039s ]
INFO: [ app_init ] --END-- [ RunTime:0.001254s ]
INFO: [ app_begin ] --START--
INFO: Run Behavior\ReadHtmlCacheBehavior [ RunTime:0.002058s ]
INFO: [ app_begin ] --END-- [ RunTime:0.002248s ]
ERR: 无法加载控制器:Login

[ 2017-08-16T19:57:11+08:00 ] 127.0.0.1 /dome/index.php/Login/log_in?adm_name=home&adm_pwd=456456
INFO: [ app_init ] --START--
INFO: Run Behavior\BuildLiteBehavior [ RunTime:0.000037s ]
INFO: [ app_init ] --END-- [ RunTime:0.001102s ]
INFO: [ app_begin ] --START--
INFO: Run Behavior\ReadHtmlCacheBehavior [ RunTime:0.002596s ]
INFO: [ app_begin ] --END-- [ RunTime:0.002810s ]
ERR: 无法加载控制器:Login

[ 2017-08-16T19:58:14+08:00 ] 127.0.0.1 /dome/index.php
INFO: [ app_init ] --START--
INFO: Run Behavior\BuildLiteBehavior [ RunTime:0.000047s ]
INFO: [ app_init ] --END-- [ RunTime:0.001269s ]
INFO: [ app_begin ] --START--
INFO: Run Behavior\ReadHtmlCacheBehavior [ RunTime:0.002897s ]
INFO: [ app_begin ] --END-- [ RunTime:0.003099s ]
INFO: [ view_parse ] --START--
INFO: [ template_filter ] --START--
INFO: Run Behavior\ContentReplaceBehavior [ RunTime:0.000339s ]
INFO: [ template_filter ] --END-- [ RunTime:0.000499s ]
INFO: Run Behavior\ParseTemplateBehavior [ RunTime:0.096518s ]
INFO: [ view_parse ] --END-- [ RunTime:0.096765s ]
INFO: [ view_filter ] --START--
INFO: Run Behavior\WriteHtmlCacheBehavior [ RunTime:0.001362s ]
INFO: [ view_filter ] --END-- [ RunTime:0.001507s ]
INFO: [ app_end ] --START--
INFO: Run Behavior\ShowPageTraceBehavior [ RunTime:0.005380s ]
INFO: [ app_end ] --END-- [ RunTime:0.005700s ]

[ 2017-08-16T19:58:14+08:00 ] 127.0.0.1 /dome/hoome.php
INFO: [ app_init ] --START--
INFO: Run Behavior\BuildLiteBehavior [ RunTime:0.000039s ]
INFO: [ app_init ] --END-- [ RunTime:0.001320s ]
INFO: [ app_begin ] --START--
INFO: Run Behavior\ReadHtmlCacheBehavior [ RunTime:0.002921s ]
INFO: [ app_begin ] --END-- [ RunTime:0.003103s ]
ERR: 无法加载控制器:Hoome.php

[ 2017-08-16T19:58:22+08:00 ] 127.0.0.1 /dome/index.php
INFO: [ app_init ] --START--
INFO: Run Behavior\BuildLiteBehavior [ RunTime:0.000061s ]
INFO: [ app_init ] --END-- [ RunTime:0.001774s ]
INFO: [ app_begin ] --START--
INFO: Run Behavior\ReadHtmlCacheBehavior [ RunTime:0.003805s ]
INFO: [ app_begin ] --END-- [ RunTime:0.004053s ]
INFO: [ view_parse ] --START--
INFO: [ template_filter ] --START--
INFO: Run Behavior\ContentReplaceBehavior [ RunTime:0.000305s ]
INFO: [ template_filter ] --END-- [ RunTime:0.000456s ]
INFO: Run Behavior\ParseTemplateBehavior [ RunTime:0.049360s ]
INFO: [ view_parse ] --END-- [ RunTime:0.049534s ]
INFO: [ view_filter ] --START--
INFO: Run Behavior\WriteHtmlCacheBehavior [ RunTime:0.001251s ]
INFO: [ view_filter ] --END-- [ RunTime:0.001378s ]
INFO: [ app_end ] --START--
INFO: Run Behavior\ShowPageTraceBehavior [ RunTime:0.007231s ]
INFO: [ app_end ] --END-- [ RunTime:0.007605s ]

[ 2017-08-16T20:00:19+08:00 ] 127.0.0.1 /dome/index.php/Login/adm_update.html?id=32
INFO: [ app_init ] --START--
INFO: Run Behavior\BuildLiteBehavior [ RunTime:0.000046s ]
INFO: [ app_init ] --END-- [ RunTime:0.002144s ]
INFO: [ app_begin ] --START--
INFO: Run Behavior\ReadHtmlCacheBehavior [ RunTime:0.001734s ]
INFO: [ app_begin ] --END-- [ RunTime:0.001925s ]
ERR: 无法加载控制器:Login

[ 2017-08-16T20:04:53+08:00 ] 127.0.0.1 /dome/index.php
INFO: [ app_init ] --START--
INFO: Run Behavior\BuildLiteBehavior [ RunTime:0.000166s ]
INFO: [ app_init ] --END-- [ RunTime:0.002300s ]
INFO: [ app_begin ] --START--
INFO: Run Behavior\ReadHtmlCacheBehavior [ RunTime:0.001956s ]
INFO: [ app_begin ] --END-- [ RunTime:0.002255s ]
INFO: [ view_parse ] --START--
INFO: [ template_filter ] --START--
INFO: Run Behavior\ContentReplaceBehavior [ RunTime:0.000327s ]
INFO: [ template_filter ] --END-- [ RunTime:0.000488s ]
INFO: Run Behavior\ParseTemplateBehavior [ RunTime:0.044195s ]
INFO: [ view_parse ] --END-- [ RunTime:0.044359s ]
INFO: [ view_filter ] --START--
INFO: Run Behavior\WriteHtmlCacheBehavior [ RunTime:0.000800s ]
INFO: [ view_filter ] --END-- [ RunTime:0.000902s ]
INFO: [ app_end ] --START--
INFO: Run Behavior\ShowPageTraceBehavior [ RunTime:0.001652s ]
INFO: [ app_end ] --END-- [ RunTime:0.001807s ]

[ 2017-08-16T20:16:49+08:00 ] 127.0.0.1 /dome/Public/Home/detail.html
INFO: [ app_init ] --START--
INFO: Run Behavior\BuildLiteBehavior [ RunTime:0.000220s ]
INFO: [ app_init ] --END-- [ RunTime:0.009316s ]
INFO: [ app_begin ] --START--
INFO: Run Behavior\ReadHtmlCacheBehavior [ RunTime:0.004581s ]
INFO: [ app_begin ] --END-- [ RunTime:0.005455s ]
ERR: 无法加载控制器:Public

[ 2017-08-16T20:19:10+08:00 ] 127.0.0.1 /dome/index.php
INFO: [ app_init ] --START--
INFO: Run Behavior\BuildLiteBehavior [ RunTime:0.000034s ]
INFO: [ app_init ] --END-- [ RunTime:0.001350s ]
INFO: [ app_begin ] --START--
INFO: Run Behavior\ReadHtmlCacheBehavior [ RunTime:0.002120s ]
INFO: [ app_begin ] --END-- [ RunTime:0.002304s ]
INFO: [ view_parse ] --START--
INFO: [ template_filter ] --START--
INFO: Run Behavior\ContentReplaceBehavior [ RunTime:0.000323s ]
INFO: [ template_filter ] --END-- [ RunTime:0.000463s ]
INFO: Run Behavior\ParseTemplateBehavior [ RunTime:0.071138s ]
INFO: [ view_parse ] --END-- [ RunTime:0.071995s ]
INFO: [ view_filter ] --START--
INFO: Run Behavior\WriteHtmlCacheBehavior [ RunTime:0.001784s ]
INFO: [ view_filter ] --END-- [ RunTime:0.002514s ]
INFO: [ app_end ] --START--
INFO: Run Behavior\ShowPageTraceBehavior [ RunTime:0.002793s ]
INFO: [ app_end ] --END-- [ RunTime:0.002965s ]

[ 2017-08-16T20:20:43+08:00 ] 127.0.0.1 /dome/index.php
INFO: [ app_init ] --START--
INFO: Run Behavior\BuildLiteBehavior [ RunTime:0.000042s ]
INFO: [ app_init ] --END-- [ RunTime:0.004168s ]
INFO: [ app_begin ] --START--
INFO: Run Behavior\ReadHtmlCacheBehavior [ RunTime:0.003998s ]
INFO: [ app_begin ] --END-- [ RunTime:0.004242s ]
INFO: [ view_parse ] --START--
INFO: [ template_filter ] --START--
INFO: Run Behavior\ContentReplaceBehavior [ RunTime:0.000250s ]
INFO: [ template_filter ] --END-- [ RunTime:0.000403s ]
INFO: Run Behavior\ParseTemplateBehavior [ RunTime:0.065850s ]
INFO: [ view_parse ] --END-- [ RunTime:0.066071s ]
INFO: [ view_filter ] --START--
INFO: Run Behavior\WriteHtmlCacheBehavior [ RunTime:0.020465s ]
INFO: [ view_filter ] --END-- [ RunTime:0.020635s ]
INFO: [ app_end ] --START--
INFO: Run Behavior\ShowPageTraceBehavior [ RunTime:0.009975s ]
INFO: [ app_end ] --END-- [ RunTime:0.010251s ]

[ 2017-08-16T20:21:02+08:00 ] 127.0.0.1 /dome/index.php
INFO: [ app_init ] --START--
INFO: Run Behavior\BuildLiteBehavior [ RunTime:0.000037s ]
INFO: [ app_init ] --END-- [ RunTime:0.001526s ]
INFO: [ app_begin ] --START--
INFO: Run Behavior\ReadHtmlCacheBehavior [ RunTime:0.001986s ]
INFO: [ app_begin ] --END-- [ RunTime:0.002142s ]
INFO: [ view_parse ] --START--
INFO: [ template_filter ] --START--
INFO: Run Behavior\ContentReplaceBehavior [ RunTime:0.000309s ]
INFO: [ template_filter ] --END-- [ RunTime:0.000445s ]
INFO: Run Behavior\ParseTemplateBehavior [ RunTime:0.046726s ]
INFO: [ view_parse ] --END-- [ RunTime:0.046901s ]
INFO: [ view_filter ] --START--
INFO: Run Behavior\WriteHtmlCacheBehavior [ RunTime:0.002020s ]
INFO: [ view_filter ] --END-- [ RunTime:0.002142s ]
INFO: [ app_end ] --START--
INFO: Run Behavior\ShowPageTraceBehavior [ RunTime:0.003559s ]
INFO: [ app_end ] --END-- [ RunTime:0.003711s ]

[ 2017-08-16T20:21:13+08:00 ] 127.0.0.1 /dome/index.php
INFO: [ app_init ] --START--
INFO: Run Behavior\BuildLiteBehavior [ RunTime:0.000039s ]
INFO: [ app_init ] --END-- [ RunTime:0.001134s ]
INFO: [ app_begin ] --START--
INFO: Run Behavior\ReadHtmlCacheBehavior [ RunTime:0.001559s ]
INFO: [ app_begin ] --END-- [ RunTime:0.001717s ]
INFO: [ view_parse ] --START--
INFO: [ template_filter ] --START--
INFO: Run Behavior\ContentReplaceBehavior [ RunTime:0.000325s ]
INFO: [ template_filter ] --END-- [ RunTime:0.000465s ]
INFO: Run Behavior\ParseTemplateBehavior [ RunTime:0.045501s ]
INFO: [ view_parse ] --END-- [ RunTime:0.045673s ]
INFO: [ view_filter ] --START--
INFO: Run Behavior\WriteHtmlCacheBehavior [ RunTime:0.006279s ]
INFO: [ view_filter ] --END-- [ RunTime:0.006543s ]
INFO: [ app_end ] --START--
INFO: Run Behavior\ShowPageTraceBehavior [ RunTime:0.005761s ]
INFO: [ app_end ] --END-- [ RunTime:0.005925s ]

[ 2017-08-16T20:21:27+08:00 ] 127.0.0.1 /dome/index.php
INFO: [ app_init ] --START--
INFO: Run Behavior\BuildLiteBehavior [ RunTime:0.000042s ]
INFO: [ app_init ] --END-- [ RunTime:0.002114s ]
INFO: [ app_begin ] --START--
INFO: Run Behavior\ReadHtmlCacheBehavior [ RunTime:0.006947s ]
INFO: [ app_begin ] --END-- [ RunTime:0.008104s ]
INFO: [ view_parse ] --START--
INFO: [ template_filter ] --START--
INFO: Run Behavior\ContentReplaceBehavior [ RunTime:0.001112s ]
INFO: [ template_filter ] --END-- [ RunTime:0.001505s ]
INFO: Run Behavior\ParseTemplateBehavior [ RunTime:0.075632s ]
INFO: [ view_parse ] --END-- [ RunTime:0.076227s ]
INFO: [ view_filter ] --START--
INFO: Run Behavior\WriteHtmlCacheBehavior [ RunTime:0.005435s ]
INFO: [ view_filter ] --END-- [ RunTime:0.005561s ]
INFO: [ app_end ] --START--
INFO: Run Behavior\ShowPageTraceBehavior [ RunTime:0.009291s ]
INFO: [ app_end ] --END-- [ RunTime:0.009489s ]

[ 2017-08-16T20:21:35+08:00 ] 127.0.0.1 /dome/index.php
INFO: [ app_init ] --START--
INFO: Run Behavior\BuildLiteBehavior [ RunTime:0.000039s ]
INFO: [ app_init ] --END-- [ RunTime:0.001578s ]
INFO: [ app_begin ] --START--
INFO: Run Behavior\ReadHtmlCacheBehavior [ RunTime:0.002153s ]
INFO: [ app_begin ] --END-- [ RunTime:0.002329s ]
INFO: [ view_parse ] --START--
INFO: [ template_filter ] --START--
INFO: Run Behavior\ContentReplaceBehavior [ RunTime:0.000688s ]
INFO: [ template_filter ] --END-- [ RunTime:0.000854s ]
INFO: Run Behavior\ParseTemplateBehavior [ RunTime:0.076284s ]
INFO: [ view_parse ] --END-- [ RunTime:0.076498s ]
INFO: [ view_filter ] --START--
INFO: Run Behavior\WriteHtmlCacheBehavior [ RunTime:0.002614s ]
INFO: [ view_filter ] --END-- [ RunTime:0.002798s ]
INFO: [ app_end ] --START--
INFO: Run Behavior\ShowPageTraceBehavior [ RunTime:0.002196s ]
INFO: [ app_end ] --END-- [ RunTime:0.002356s ]

[ 2017-08-16T20:22:06+08:00 ] 127.0.0.1 /dome/index.php
INFO: [ app_init ] --START--
INFO: Run Behavior\BuildLiteBehavior [ RunTime:0.000037s ]
INFO: [ app_init ] --END-- [ RunTime:0.001111s ]
INFO: [ app_begin ] --START--
INFO: Run Behavior\ReadHtmlCacheBehavior [ RunTime:0.001489s ]
INFO: [ app_begin ] --END-- [ RunTime:0.001645s ]
INFO: [ view_parse ] --START--
INFO: [ template_filter ] --START--
INFO: Run Behavior\ContentReplaceBehavior [ RunTime:0.000451s ]
INFO: [ template_filter ] --END-- [ RunTime:0.000644s ]
INFO: Run Behavior\ParseTemplateBehavior [ RunTime:0.071572s ]
INFO: [ view_parse ] --END-- [ RunTime:0.071727s ]
INFO: [ view_filter ] --START--
INFO: Run Behavior\WriteHtmlCacheBehavior [ RunTime:0.001802s ]
INFO: [ view_filter ] --END-- [ RunTime:0.002058s ]
INFO: [ app_end ] --START--
INFO: Run Behavior\ShowPageTraceBehavior [ RunTime:0.007087s ]
INFO: [ app_end ] --END-- [ RunTime:0.007471s ]

[ 2017-08-16T20:22:16+08:00 ] 127.0.0.1 /dome/index.php
INFO: [ app_init ] --START--
INFO: Run Behavior\BuildLiteBehavior [ RunTime:0.000043s ]
INFO: [ app_init ] --END-- [ RunTime:0.002190s ]
INFO: [ app_begin ] --START--
INFO: Run Behavior\ReadHtmlCacheBehavior [ RunTime:0.007170s ]
INFO: [ app_begin ] --END-- [ RunTime:0.007374s ]
INFO: [ view_parse ] --START--
INFO: [ template_filter ] --START--
INFO: Run Behavior\ContentReplaceBehavior [ RunTime:0.001113s ]
INFO: [ template_filter ] --END-- [ RunTime:0.001639s ]
INFO: Run Behavior\ParseTemplateBehavior [ RunTime:0.070952s ]
INFO: [ view_parse ] --END-- [ RunTime:0.071138s ]
INFO: [ view_filter ] --START--
INFO: Run Behavior\WriteHtmlCacheBehavior [ RunTime:0.002566s ]
INFO: [ view_filter ] --END-- [ RunTime:0.002768s ]
INFO: [ app_end ] --START--
INFO: Run Behavior\ShowPageTraceBehavior [ RunTime:0.006781s ]
INFO: [ app_end ] --END-- [ RunTime:0.006995s ]

[ 2017-08-16T20:22:41+08:00 ] 127.0.0.1 /dome/index.php
INFO: [ app_init ] --START--
INFO: Run Behavior\BuildLiteBehavior [ RunTime:0.000037s ]
INFO: [ app_init ] --END-- [ RunTime:0.001177s ]
INFO: [ app_begin ] --START--
INFO: Run Behavior\ReadHtmlCacheBehavior [ RunTime:0.001759s ]
INFO: [ app_begin ] --END-- [ RunTime:0.001937s ]
INFO: [ view_parse ] --START--
INFO: [ template_filter ] --START--
INFO: Run Behavior\ContentReplaceBehavior [ RunTime:0.000307s ]
INFO: [ template_filter ] --END-- [ RunTime:0.000838s ]
INFO: Run Behavior\ParseTemplateBehavior [ RunTime:0.034803s ]
INFO: [ view_parse ] --END-- [ RunTime:0.034950s ]
INFO: [ view_filter ] --START--
INFO: Run Behavior\WriteHtmlCacheBehavior [ RunTime:0.000743s ]
INFO: [ view_filter ] --END-- [ RunTime:0.000848s ]
INFO: [ app_end ] --START--
INFO: Run Behavior\ShowPageTraceBehavior [ RunTime:0.004899s ]
INFO: [ app_end ] --END-- [ RunTime:0.008081s ]

[ 2017-08-16T20:22:55+08:00 ] 127.0.0.1 /dome/index.php
INFO: [ app_init ] --START--
INFO: Run Behavior\BuildLiteBehavior [ RunTime:0.000041s ]
INFO: [ app_init ] --END-- [ RunTime:0.001355s ]
INFO: [ app_begin ] --START--
INFO: Run Behavior\ReadHtmlCacheBehavior [ RunTime:0.001581s ]
INFO: [ app_begin ] --END-- [ RunTime:0.001740s ]
INFO: [ view_parse ] --START--
INFO: [ template_filter ] --START--
INFO: Run Behavior\ContentReplaceBehavior [ RunTime:0.000353s ]
INFO: [ template_filter ] --END-- [ RunTime:0.000516s ]
INFO: Run Behavior\ParseTemplateBehavior [ RunTime:0.045696s ]
INFO: [ view_parse ] --END-- [ RunTime:0.045861s ]
INFO: [ view_filter ] --START--
INFO: Run Behavior\WriteHtmlCacheBehavior [ RunTime:0.000945s ]
INFO: [ view_filter ] --END-- [ RunTime:0.001067s ]
INFO: [ app_end ] --START--
INFO: Run Behavior\ShowPageTraceBehavior [ RunTime:0.002251s ]
INFO: [ app_end ] --END-- [ RunTime:0.005419s ]

[ 2017-08-16T20:23:22+08:00 ] 127.0.0.1 /dome/index.php
INFO: [ app_init ] --START--
INFO: Run Behavior\BuildLiteBehavior [ RunTime:0.000038s ]
INFO: [ app_init ] --END-- [ RunTime:0.001126s ]
INFO: [ app_begin ] --START--
INFO: Run Behavior\ReadHtmlCacheBehavior [ RunTime:0.001456s ]
INFO: [ app_begin ] --END-- [ RunTime:0.001601s ]
INFO: [ view_parse ] --START--
INFO: [ template_filter ] --START--
INFO: Run Behavior\ContentReplaceBehavior [ RunTime:0.000367s ]
INFO: [ template_filter ] --END-- [ RunTime:0.000518s ]
INFO: Run Behavior\ParseTemplateBehavior [ RunTime:0.060161s ]
INFO: [ view_parse ] --END-- [ RunTime:0.060309s ]
INFO: [ view_filter ] --START--
INFO: Run Behavior\WriteHtmlCacheBehavior [ RunTime:0.000823s ]
INFO: [ view_filter ] --END-- [ RunTime:0.000933s ]
INFO: [ app_end ] --START--
INFO: Run Behavior\ShowPageTraceBehavior [ RunTime:0.014224s ]
INFO: [ app_end ] --END-- [ RunTime:0.014674s ]

[ 2017-08-16T20:23:32+08:00 ] 127.0.0.1 /dome/index.php
INFO: [ app_init ] --START--
INFO: Run Behavior\BuildLiteBehavior [ RunTime:0.000039s ]
INFO: [ app_init ] --END-- [ RunTime:0.001333s ]
INFO: [ app_begin ] --START--
INFO: Run Behavior\ReadHtmlCacheBehavior [ RunTime:0.007053s ]
INFO: [ app_begin ] --END-- [ RunTime:0.007243s ]
INFO: [ view_parse ] --START--
INFO: [ template_filter ] --START--
INFO: Run Behavior\ContentReplaceBehavior [ RunTime:0.000450s ]
INFO: [ template_filter ] --END-- [ RunTime:0.000621s ]
INFO: Run Behavior\ParseTemplateBehavior [ RunTime:0.072618s ]
INFO: [ view_parse ] --END-- [ RunTime:0.072840s ]
INFO: [ view_filter ] --START--
INFO: Run Behavior\WriteHtmlCacheBehavior [ RunTime:0.007439s ]
INFO: [ view_filter ] --END-- [ RunTime:0.007734s ]
INFO: [ app_end ] --START--
INFO: Run Behavior\ShowPageTraceBehavior [ RunTime:0.012690s ]
INFO: [ app_end ] --END-- [ RunTime:0.015265s ]

[ 2017-08-16T20:23:41+08:00 ] 127.0.0.1 /dome/index.php
INFO: [ app_init ] --START--
INFO: Run Behavior\BuildLiteBehavior [ RunTime:0.000043s ]
INFO: [ app_init ] --END-- [ RunTime:0.002084s ]
INFO: [ app_begin ] --START--
INFO: Run Behavior\ReadHtmlCacheBehavior [ RunTime:0.002216s ]
INFO: [ app_begin ] --END-- [ RunTime:0.002384s ]
INFO: [ view_parse ] --START--
INFO: [ template_filter ] --START--
INFO: Run Behavior\ContentReplaceBehavior [ RunTime:0.000580s ]
INFO: [ template_filter ] --END-- [ RunTime:0.000752s ]
INFO: Run Behavior\ParseTemplateBehavior [ RunTime:0.059096s ]
INFO: [ view_parse ] --END-- [ RunTime:0.059252s ]
INFO: [ view_filter ] --START--
INFO: Run Behavior\WriteHtmlCacheBehavior [ RunTime:0.001253s ]
INFO: [ view_filter ] --END-- [ RunTime:0.001473s ]
INFO: [ app_end ] --START--
INFO: Run Behavior\ShowPageTraceBehavior [ RunTime:0.003432s ]
INFO: [ app_end ] --END-- [ RunTime:0.005524s ]

[ 2017-08-16T20:24:01+08:00 ] 127.0.0.1 /dome/index.php
INFO: [ app_init ] --START--
INFO: Run Behavior\BuildLiteBehavior [ RunTime:0.000035s ]
INFO: [ app_init ] --END-- [ RunTime:0.001041s ]
INFO: [ app_begin ] --START--
INFO: Run Behavior\ReadHtmlCacheBehavior [ RunTime:0.002027s ]
INFO: [ app_begin ] --END-- [ RunTime:0.007706s ]
INFO: [ view_parse ] --START--
INFO: [ template_filter ] --START--
INFO: Run Behavior\ContentReplaceBehavior [ RunTime:0.000287s ]
INFO: [ template_filter ] --END-- [ RunTime:0.000428s ]
INFO: Run Behavior\ParseTemplateBehavior [ RunTime:0.044260s ]
INFO: [ view_parse ] --END-- [ RunTime:0.044409s ]
INFO: [ view_filter ] --START--
INFO: Run Behavior\WriteHtmlCacheBehavior [ RunTime:0.000785s ]
INFO: [ view_filter ] --END-- [ RunTime:0.000896s ]
INFO: [ app_end ] --START--
INFO: Run Behavior\ShowPageTraceBehavior [ RunTime:0.003874s ]
INFO: [ app_end ] --END-- [ RunTime:0.004045s ]

[ 2017-08-16T20:24:17+08:00 ] 127.0.0.1 /dome/index.php
INFO: [ app_init ] --START--
INFO: Run Behavior\BuildLiteBehavior [ RunTime:0.000047s ]
INFO: [ app_init ] --END-- [ RunTime:0.001770s ]
INFO: [ app_begin ] --START--
INFO: Run Behavior\ReadHtmlCacheBehavior [ RunTime:0.001547s ]
INFO: [ app_begin ] --END-- [ RunTime:0.001709s ]
INFO: [ view_parse ] --START--
INFO: [ template_filter ] --START--
INFO: Run Behavior\ContentReplaceBehavior [ RunTime:0.000256s ]
INFO: [ template_filter ] --END-- [ RunTime:0.000395s ]
INFO: Run Behavior\ParseTemplateBehavior [ RunTime:0.037507s ]
INFO: [ view_parse ] --END-- [ RunTime:0.038075s ]
INFO: [ view_filter ] --START--
INFO: Run Behavior\WriteHtmlCacheBehavior [ RunTime:0.003597s ]
INFO: [ view_filter ] --END-- [ RunTime:0.003854s ]
INFO: [ app_end ] --START--
INFO: Run Behavior\ShowPageTraceBehavior [ RunTime:0.004365s ]
INFO: [ app_end ] --END-- [ RunTime:0.004567s ]

[ 2017-08-16T20:24:28+08:00 ] 127.0.0.1 /dome/index.php
INFO: [ app_init ] --START--
INFO: Run Behavior\BuildLiteBehavior [ RunTime:0.000047s ]
INFO: [ app_init ] --END-- [ RunTime:0.001571s ]
INFO: [ app_begin ] --START--
INFO: Run Behavior\ReadHtmlCacheBehavior [ RunTime:0.003595s ]
INFO: [ app_begin ] --END-- [ RunTime:0.003804s ]
INFO: [ view_parse ] --START--
INFO: [ template_filter ] --START--
INFO: Run Behavior\ContentReplaceBehavior [ RunTime:0.000218s ]
INFO: [ template_filter ] --END-- [ RunTime:0.000352s ]
INFO: Run Behavior\ParseTemplateBehavior [ RunTime:0.056831s ]
INFO: [ view_parse ] --END-- [ RunTime:0.057850s ]
INFO: [ view_filter ] --START--
INFO: Run Behavior\WriteHtmlCacheBehavior [ RunTime:0.002840s ]
INFO: [ view_filter ] --END-- [ RunTime:0.003068s ]
INFO: [ app_end ] --START--
INFO: Run Behavior\ShowPageTraceBehavior [ RunTime:0.004745s ]
INFO: [ app_end ] --END-- [ RunTime:0.004925s ]

[ 2017-08-16T20:27:36+08:00 ] 127.0.0.1 /dome/index.php
INFO: [ app_init ] --START--
INFO: Run Behavior\BuildLiteBehavior [ RunTime:0.000041s ]
INFO: [ app_init ] --END-- [ RunTime:0.001529s ]
INFO: [ app_begin ] --START--
INFO: Run Behavior\ReadHtmlCacheBehavior [ RunTime:0.004675s ]
INFO: [ app_begin ] --END-- [ RunTime:0.004963s ]
SQL: SHOW COLUMNS FROM `blog_article` [ RunTime:0.0142s ]
SQL: SELECT * FROM `blog_article`  [ RunTime:0.0019s ]
INFO: [ view_parse ] --START--
INFO: [ template_filter ] --START--
INFO: Run Behavior\ContentReplaceBehavior [ RunTime:0.000239s ]
INFO: [ template_filter ] --END-- [ RunTime:0.000400s ]
INFO: Run Behavior\ParseTemplateBehavior [ RunTime:0.038255s ]
INFO: [ view_parse ] --END-- [ RunTime:0.038542s ]
INFO: [ view_filter ] --START--
INFO: Run Behavior\WriteHtmlCacheBehavior [ RunTime:0.003375s ]
INFO: [ view_filter ] --END-- [ RunTime:0.003547s ]
INFO: [ app_end ] --START--
INFO: Run Behavior\ShowPageTraceBehavior [ RunTime:0.003073s ]
INFO: [ app_end ] --END-- [ RunTime:0.003269s ]

[ 2017-08-16T20:29:56+08:00 ] 127.0.0.1 /dome/index.php
INFO: [ app_init ] --START--
INFO: Run Behavior\BuildLiteBehavior [ RunTime:0.000041s ]
INFO: [ app_init ] --END-- [ RunTime:0.005347s ]
INFO: [ app_begin ] --START--
INFO: Run Behavior\ReadHtmlCacheBehavior [ RunTime:0.003524s ]
INFO: [ app_begin ] --END-- [ RunTime:0.003715s ]
SQL: SHOW COLUMNS FROM `blog_article` [ RunTime:0.0140s ]
SQL: SELECT * FROM `blog_article`  [ RunTime:0.0008s ]
INFO: [ view_parse ] --START--
INFO: [ template_filter ] --START--
INFO: Run Behavior\ContentReplaceBehavior [ RunTime:0.000238s ]
INFO: [ template_filter ] --END-- [ RunTime:0.000392s ]
INFO: Run Behavior\ParseTemplateBehavior [ RunTime:0.034858s ]
INFO: [ view_parse ] --END-- [ RunTime:0.035037s ]
INFO: [ view_filter ] --START--
INFO: Run Behavior\WriteHtmlCacheBehavior [ RunTime:0.002562s ]
INFO: [ view_filter ] --END-- [ RunTime:0.002796s ]
INFO: [ app_end ] --START--
INFO: Run Behavior\ShowPageTraceBehavior [ RunTime:0.005077s ]
INFO: [ app_end ] --END-- [ RunTime:0.005549s ]

[ 2017-08-16T20:30:33+08:00 ] 127.0.0.1 /dome/index.php
INFO: [ app_init ] --START--
INFO: Run Behavior\BuildLiteBehavior [ RunTime:0.000049s ]
INFO: [ app_init ] --END-- [ RunTime:0.001472s ]
INFO: [ app_begin ] --START--
INFO: Run Behavior\ReadHtmlCacheBehavior [ RunTime:0.002388s ]
INFO: [ app_begin ] --END-- [ RunTime:0.002562s ]
SQL: SHOW COLUMNS FROM `blog_article` [ RunTime:0.0179s ]
SQL: SELECT * FROM `blog_article`  [ RunTime:0.0009s ]
INFO: [ view_parse ] --START--
INFO: [ template_filter ] --START--
INFO: Run Behavior\ContentReplaceBehavior [ RunTime:0.000238s ]
INFO: [ template_filter ] --END-- [ RunTime:0.000399s ]
INFO: Run Behavior\ParseTemplateBehavior [ RunTime:0.037475s ]
INFO: [ view_parse ] --END-- [ RunTime:0.037673s ]
INFO: [ view_filter ] --START--
INFO: Run Behavior\WriteHtmlCacheBehavior [ RunTime:0.003950s ]
INFO: [ view_filter ] --END-- [ RunTime:0.004118s ]
INFO: [ app_end ] --START--
INFO: Run Behavior\ShowPageTraceBehavior [ RunTime:0.002751s ]
INFO: [ app_end ] --END-- [ RunTime:0.002940s ]

[ 2017-08-16T20:30:35+08:00 ] 127.0.0.1 /dome/index.php
INFO: [ app_init ] --START--
INFO: Run Behavior\BuildLiteBehavior [ RunTime:0.000039s ]
INFO: [ app_init ] --END-- [ RunTime:0.001417s ]
INFO: [ app_begin ] --START--
INFO: Run Behavior\ReadHtmlCacheBehavior [ RunTime:0.002073s ]
INFO: [ app_begin ] --END-- [ RunTime:0.002264s ]
SQL: SHOW COLUMNS FROM `blog_article` [ RunTime:0.0188s ]
SQL: SELECT * FROM `blog_article`  [ RunTime:0.0009s ]
INFO: [ view_parse ] --START--
INFO: [ template_filter ] --START--
INFO: Run Behavior\ContentReplaceBehavior [ RunTime:0.000216s ]
INFO: [ template_filter ] --END-- [ RunTime:0.000366s ]
INFO: Run Behavior\ParseTemplateBehavior [ RunTime:0.037551s ]
INFO: [ view_parse ] --END-- [ RunTime:0.037797s ]
INFO: [ view_filter ] --START--
INFO: Run Behavior\WriteHtmlCacheBehavior [ RunTime:0.000855s ]
INFO: [ view_filter ] --END-- [ RunTime:0.000971s ]
INFO: [ app_end ] --START--
INFO: Run Behavior\ShowPageTraceBehavior [ RunTime:0.002545s ]
INFO: [ app_end ] --END-- [ RunTime:0.002726s ]

[ 2017-08-16T20:30:57+08:00 ] 127.0.0.1 /dome/index.php
INFO: [ app_init ] --START--
INFO: Run Behavior\BuildLiteBehavior [ RunTime:0.000041s ]
INFO: [ app_init ] --END-- [ RunTime:0.001200s ]
INFO: [ app_begin ] --START--
INFO: Run Behavior\ReadHtmlCacheBehavior [ RunTime:0.002535s ]
INFO: [ app_begin ] --END-- [ RunTime:0.002722s ]
SQL: SHOW COLUMNS FROM `blog_article` [ RunTime:0.0188s ]
SQL: SELECT * FROM `blog_article`  [ RunTime:0.0009s ]
INFO: [ view_parse ] --START--
INFO: [ template_filter ] --START--
INFO: Run Behavior\ContentReplaceBehavior [ RunTime:0.000228s ]
INFO: [ template_filter ] --END-- [ RunTime:0.000396s ]
INFO: Run Behavior\ParseTemplateBehavior [ RunTime:0.035094s ]
INFO: [ view_parse ] --END-- [ RunTime:0.035287s ]
INFO: [ view_filter ] --START--
INFO: Run Behavior\WriteHtmlCacheBehavior [ RunTime:0.001233s ]
INFO: [ view_filter ] --END-- [ RunTime:0.001362s ]
INFO: [ app_end ] --START--
INFO: Run Behavior\ShowPageTraceBehavior [ RunTime:0.001859s ]
INFO: [ app_end ] --END-- [ RunTime:0.002017s ]

[ 2017-08-16T20:31:08+08:00 ] 127.0.0.1 /dome/index.php
INFO: [ app_init ] --START--
INFO: Run Behavior\BuildLiteBehavior [ RunTime:0.000246s ]
INFO: [ app_init ] --END-- [ RunTime:0.003248s ]
INFO: [ app_begin ] --START--
INFO: Run Behavior\ReadHtmlCacheBehavior [ RunTime:0.003571s ]
INFO: [ app_begin ] --END-- [ RunTime:0.003895s ]
SQL: SHOW COLUMNS FROM `blog_article` [ RunTime:0.0184s ]
SQL: SELECT * FROM `blog_article`  [ RunTime:0.0010s ]
INFO: [ view_parse ] --START--
INFO: [ template_filter ] --START--
INFO: Run Behavior\ContentReplaceBehavior [ RunTime:0.000235s ]
INFO: [ template_filter ] --END-- [ RunTime:0.000368s ]
INFO: Run Behavior\ParseTemplateBehavior [ RunTime:0.034878s ]
INFO: [ view_parse ] --END-- [ RunTime:0.035116s ]
INFO: [ view_filter ] --START--
INFO: Run Behavior\WriteHtmlCacheBehavior [ RunTime:0.001203s ]
INFO: [ view_filter ] --END-- [ RunTime:0.001323s ]
INFO: [ app_end ] --START--
INFO: Run Behavior\ShowPageTraceBehavior [ RunTime:0.003940s ]
INFO: [ app_end ] --END-- [ RunTime:0.004877s ]

[ 2017-08-16T20:31:33+08:00 ] 127.0.0.1 /dome/index.php
INFO: [ app_init ] --START--
INFO: Run Behavior\BuildLiteBehavior [ RunTime:0.000051s ]
INFO: [ app_init ] --END-- [ RunTime:0.001983s ]
INFO: [ app_begin ] --START--
INFO: Run Behavior\ReadHtmlCacheBehavior [ RunTime:0.002251s ]
INFO: [ app_begin ] --END-- [ RunTime:0.002564s ]
SQL: SHOW COLUMNS FROM `blog_article` [ RunTime:0.0205s ]
SQL: SELECT * FROM `blog_article`  [ RunTime:0.0007s ]
INFO: [ view_parse ] --START--
INFO: [ template_filter ] --START--
INFO: Run Behavior\ContentReplaceBehavior [ RunTime:0.000225s ]
INFO: [ template_filter ] --END-- [ RunTime:0.000363s ]
INFO: Run Behavior\ParseTemplateBehavior [ RunTime:0.029368s ]
INFO: [ view_parse ] --END-- [ RunTime:0.029530s ]
INFO: [ view_filter ] --START--
INFO: Run Behavior\WriteHtmlCacheBehavior [ RunTime:0.001715s ]
INFO: [ view_filter ] --END-- [ RunTime:0.001846s ]
INFO: [ app_end ] --START--
INFO: Run Behavior\ShowPageTraceBehavior [ RunTime:0.002446s ]
INFO: [ app_end ] --END-- [ RunTime:0.002679s ]

[ 2017-08-16T20:33:42+08:00 ] 127.0.0.1 /dome/index.php
INFO: [ app_init ] --START--
INFO: Run Behavior\BuildLiteBehavior [ RunTime:0.000048s ]
INFO: [ app_init ] --END-- [ RunTime:0.002510s ]
INFO: [ app_begin ] --START--
INFO: Run Behavior\ReadHtmlCacheBehavior [ RunTime:0.006243s ]
INFO: [ app_begin ] --END-- [ RunTime:0.006527s ]
SQL: SHOW COLUMNS FROM `blog_article` [ RunTime:0.0186s ]
SQL: SELECT * FROM `blog_article`  [ RunTime:0.0007s ]
INFO: [ view_parse ] --START--
INFO: [ template_filter ] --START--
INFO: Run Behavior\ContentReplaceBehavior [ RunTime:0.000209s ]
INFO: [ template_filter ] --END-- [ RunTime:0.000346s ]
INFO: Run Behavior\ParseTemplateBehavior [ RunTime:0.041627s ]
INFO: [ view_parse ] --END-- [ RunTime:0.041878s ]
INFO: [ view_filter ] --START--
INFO: Run Behavior\WriteHtmlCacheBehavior [ RunTime:0.002870s ]
INFO: [ view_filter ] --END-- [ RunTime:0.003006s ]
INFO: [ app_end ] --START--
INFO: Run Behavior\ShowPageTraceBehavior [ RunTime:0.005785s ]
INFO: [ app_end ] --END-- [ RunTime:0.005946s ]

[ 2017-08-16T20:36:17+08:00 ] 127.0.0.1 /dome/index.php
INFO: [ app_init ] --START--
INFO: Run Behavior\BuildLiteBehavior [ RunTime:0.000045s ]
INFO: [ app_init ] --END-- [ RunTime:0.001494s ]
INFO: [ app_begin ] --START--
INFO: Run Behavior\ReadHtmlCacheBehavior [ RunTime:0.004190s ]
INFO: [ app_begin ] --END-- [ RunTime:0.004374s ]
SQL: SHOW COLUMNS FROM `blog_article` [ RunTime:0.0189s ]
SQL: SELECT * FROM `blog_article`  [ RunTime:0.0009s ]
INFO: [ view_parse ] --START--
INFO: [ template_filter ] --START--
INFO: Run Behavior\ContentReplaceBehavior [ RunTime:0.000279s ]
INFO: [ template_filter ] --END-- [ RunTime:0.000490s ]
INFO: Run Behavior\ParseTemplateBehavior [ RunTime:0.045935s ]
INFO: [ view_parse ] --END-- [ RunTime:0.046194s ]
INFO: [ view_filter ] --START--
INFO: Run Behavior\WriteHtmlCacheBehavior [ RunTime:0.002262s ]
INFO: [ view_filter ] --END-- [ RunTime:0.002676s ]
INFO: [ app_end ] --START--
INFO: Run Behavior\ShowPageTraceBehavior [ RunTime:0.002979s ]
INFO: [ app_end ] --END-- [ RunTime:0.003195s ]

[ 2017-08-16T21:41:03+08:00 ] 127.0.0.1 /dome/Public/Home/article.html
INFO: [ app_init ] --START--
INFO: Run Behavior\BuildLiteBehavior [ RunTime:0.000043s ]
INFO: [ app_init ] --END-- [ RunTime:0.001667s ]
INFO: [ app_begin ] --START--
INFO: Run Behavior\ReadHtmlCacheBehavior [ RunTime:0.003982s ]
INFO: [ app_begin ] --END-- [ RunTime:0.004188s ]
ERR: 无法加载控制器:Public

[ 2017-08-16T21:48:28+08:00 ] 127.0.0.1 /dome/home.php
INFO: [ app_init ] --START--
INFO: Run Behavior\BuildLiteBehavior [ RunTime:0.000039s ]
INFO: [ app_init ] --END-- [ RunTime:0.001582s ]
INFO: [ app_begin ] --START--
INFO: Run Behavior\ReadHtmlCacheBehavior [ RunTime:0.002113s ]
INFO: [ app_begin ] --END-- [ RunTime:0.002348s ]
ERR: 无法加载控制器:Home.php

[ 2017-08-16T21:48:46+08:00 ] 127.0.0.1 /dome/home.php
INFO: [ app_init ] --START--
INFO: Run Behavior\BuildLiteBehavior [ RunTime:0.000039s ]
INFO: [ app_init ] --END-- [ RunTime:0.002054s ]
INFO: [ app_begin ] --START--
INFO: Run Behavior\ReadHtmlCacheBehavior [ RunTime:0.002277s ]
INFO: [ app_begin ] --END-- [ RunTime:0.002452s ]
ERR: 无法加载控制器:Home.php

[ 2017-08-16T21:48:49+08:00 ] 127.0.0.1 /dome/index.php
INFO: [ app_init ] --START--
INFO: Run Behavior\BuildLiteBehavior [ RunTime:0.000045s ]
INFO: [ app_init ] --END-- [ RunTime:0.001428s ]
INFO: [ app_begin ] --START--
INFO: Run Behavior\ReadHtmlCacheBehavior [ RunTime:0.001598s ]
INFO: [ app_begin ] --END-- [ RunTime:0.001770s ]
SQL: SHOW COLUMNS FROM `blog_article` [ RunTime:0.0184s ]
SQL: SELECT * FROM `blog_article`  [ RunTime:0.0010s ]
INFO: [ view_parse ] --START--
INFO: [ template_filter ] --START--
INFO: Run Behavior\ContentReplaceBehavior [ RunTime:0.000236s ]
INFO: [ template_filter ] --END-- [ RunTime:0.000384s ]
INFO: Run Behavior\ParseTemplateBehavior [ RunTime:0.042100s ]
INFO: [ view_parse ] --END-- [ RunTime:0.042299s ]
INFO: [ view_filter ] --START--
INFO: Run Behavior\WriteHtmlCacheBehavior [ RunTime:0.001563s ]
INFO: [ view_filter ] --END-- [ RunTime:0.001687s ]
INFO: [ app_end ] --START--
INFO: Run Behavior\ShowPageTraceBehavior [ RunTime:0.004385s ]
INFO: [ app_end ] --END-- [ RunTime:0.004651s ]

[ 2017-08-16T21:53:42+08:00 ] 127.0.0.1 /dome/index.php
INFO: [ app_init ] --START--
INFO: Run Behavior\BuildLiteBehavior [ RunTime:0.000199s ]
INFO: [ app_init ] --END-- [ RunTime:0.005073s ]
INFO: [ app_begin ] --START--
INFO: Run Behavior\ReadHtmlCacheBehavior [ RunTime:0.003531s ]
INFO: [ app_begin ] --END-- [ RunTime:0.003759s ]
SQL: SHOW COLUMNS FROM `blog_article` [ RunTime:0.0174s ]
SQL: SELECT * FROM `blog_article`  [ RunTime:0.0011s ]
INFO: [ view_parse ] --START--
INFO: [ template_filter ] --START--
INFO: Run Behavior\ContentReplaceBehavior [ RunTime:0.000228s ]
INFO: [ template_filter ] --END-- [ RunTime:0.000371s ]
INFO: Run Behavior\ParseTemplateBehavior [ RunTime:0.039709s ]
INFO: [ view_parse ] --END-- [ RunTime:0.040608s ]
INFO: [ view_filter ] --START--
INFO: Run Behavior\WriteHtmlCacheBehavior [ RunTime:0.002235s ]
INFO: [ view_filter ] --END-- [ RunTime:0.002391s ]
INFO: [ app_end ] --START--
INFO: Run Behavior\ShowPageTraceBehavior [ RunTime:0.002805s ]
INFO: [ app_end ] --END-- [ RunTime:0.002956s ]

[ 2017-08-16T21:53:47+08:00 ] 127.0.0.1 /dome/Public/Home/detail.html
INFO: [ app_init ] --START--
INFO: Run Behavior\BuildLiteBehavior [ RunTime:0.000043s ]
INFO: [ app_init ] --END-- [ RunTime:0.003411s ]
INFO: [ app_begin ] --START--
INFO: Run Behavior\ReadHtmlCacheBehavior [ RunTime:0.002665s ]
INFO: [ app_begin ] --END-- [ RunTime:0.002867s ]
ERR: 无法加载控制器:Public

[ 2017-08-16T21:54:25+08:00 ] 127.0.0.1 /dome/index.php
INFO: [ app_init ] --START--
INFO: Run Behavior\BuildLiteBehavior [ RunTime:0.000076s ]
INFO: [ app_init ] --END-- [ RunTime:0.005604s ]
INFO: [ app_begin ] --START--
INFO: Run Behavior\ReadHtmlCacheBehavior [ RunTime:0.002830s ]
INFO: [ app_begin ] --END-- [ RunTime:0.003062s ]
SQL: SHOW COLUMNS FROM `blog_article` [ RunTime:0.0220s ]
SQL: SELECT * FROM `blog_article`  [ RunTime:0.0016s ]
INFO: [ view_parse ] --START--
INFO: [ template_filter ] --START--
INFO: Run Behavior\ContentReplaceBehavior [ RunTime:0.001956s ]
INFO: [ template_filter ] --END-- [ RunTime:0.005960s ]
INFO: Run Behavior\ParseTemplateBehavior [ RunTime:0.106630s ]
INFO: [ view_parse ] --END-- [ RunTime:0.106843s ]
INFO: [ view_filter ] --START--
INFO: Run Behavior\WriteHtmlCacheBehavior [ RunTime:0.005328s ]
INFO: [ view_filter ] --END-- [ RunTime:0.005470s ]
INFO: [ app_end ] --START--
INFO: Run Behavior\ShowPageTraceBehavior [ RunTime:0.005393s ]
INFO: [ app_end ] --END-- [ RunTime:0.005634s ]

[ 2017-08-16T21:54:54+08:00 ] 127.0.0.1 /dome/index.php
INFO: [ app_init ] --START--
INFO: Run Behavior\BuildLiteBehavior [ RunTime:0.000180s ]
INFO: [ app_init ] --END-- [ RunTime:0.001678s ]
INFO: [ app_begin ] --START--
INFO: Run Behavior\ReadHtmlCacheBehavior [ RunTime:0.001558s ]
INFO: [ app_begin ] --END-- [ RunTime:0.001715s ]
SQL: SHOW COLUMNS FROM `blog_article` [ RunTime:0.0567s ]
SQL: SELECT * FROM `blog_article`  [ RunTime:0.0014s ]
INFO: [ view_parse ] --START--
INFO: [ template_filter ] --START--
INFO: Run Behavior\ContentReplaceBehavior [ RunTime:0.000214s ]
INFO: [ template_filter ] --END-- [ RunTime:0.000351s ]
INFO: Run Behavior\ParseTemplateBehavior [ RunTime:0.037219s ]
INFO: [ view_parse ] --END-- [ RunTime:0.037425s ]
INFO: [ view_filter ] --START--
INFO: Run Behavior\WriteHtmlCacheBehavior [ RunTime:0.000866s ]
INFO: [ view_filter ] --END-- [ RunTime:0.000981s ]
INFO: [ app_end ] --START--
INFO: Run Behavior\ShowPageTraceBehavior [ RunTime:0.001972s ]
INFO: [ app_end ] --END-- [ RunTime:0.002114s ]

[ 2017-08-16T21:57:30+08:00 ] 127.0.0.1 /dome/index.php
INFO: [ app_init ] --START--
INFO: Run Behavior\BuildLiteBehavior [ RunTime:0.000055s ]
INFO: [ app_init ] --END-- [ RunTime:0.001713s ]
INFO: [ app_begin ] --START--
INFO: Run Behavior\ReadHtmlCacheBehavior [ RunTime:0.002525s ]
INFO: [ app_begin ] --END-- [ RunTime:0.002851s ]
SQL: SHOW COLUMNS FROM `blog_article` [ RunTime:0.0150s ]
SQL: SELECT * FROM `blog_article`  [ RunTime:0.0011s ]
INFO: [ view_parse ] --START--
INFO: [ template_filter ] --START--
INFO: Run Behavior\ContentReplaceBehavior [ RunTime:0.000201s ]
INFO: [ template_filter ] --END-- [ RunTime:0.000328s ]
INFO: Run Behavior\ParseTemplateBehavior [ RunTime:0.036591s ]
INFO: [ view_parse ] --END-- [ RunTime:0.036779s ]
INFO: [ view_filter ] --START--
INFO: Run Behavior\WriteHtmlCacheBehavior [ RunTime:0.000869s ]
INFO: [ view_filter ] --END-- [ RunTime:0.000983s ]
INFO: [ app_end ] --START--
INFO: Run Behavior\ShowPageTraceBehavior [ RunTime:0.001779s ]
INFO: [ app_end ] --END-- [ RunTime:0.001931s ]

[ 2017-08-16T21:59:57+08:00 ] 127.0.0.1 /dome/index.php
INFO: [ app_init ] --START--
INFO: Run Behavior\BuildLiteBehavior [ RunTime:0.000050s ]
INFO: [ app_init ] --END-- [ RunTime:0.004194s ]
INFO: [ app_begin ] --START--
INFO: Run Behavior\ReadHtmlCacheBehavior [ RunTime:0.003112s ]
INFO: [ app_begin ] --END-- [ RunTime:0.003486s ]
SQL: SHOW COLUMNS FROM `blog_article` [ RunTime:0.0188s ]
SQL: SELECT * FROM `blog_article`  [ RunTime:0.0007s ]

[ 2017-08-16T22:00:21+08:00 ] 127.0.0.1 /dome/index.php
INFO: [ app_init ] --START--
INFO: Run Behavior\BuildLiteBehavior [ RunTime:0.000041s ]
INFO: [ app_init ] --END-- [ RunTime:0.001368s ]
INFO: [ app_begin ] --START--
INFO: Run Behavior\ReadHtmlCacheBehavior [ RunTime:0.003802s ]
INFO: [ app_begin ] --END-- [ RunTime:0.004173s ]
SQL: SHOW COLUMNS FROM `blog_article` [ RunTime:0.0191s ]
SQL: SELECT * FROM `blog_article`  [ RunTime:0.0008s ]

[ 2017-08-16T22:00:29+08:00 ] 127.0.0.1 /dome/index.php
INFO: [ app_init ] --START--
INFO: Run Behavior\BuildLiteBehavior [ RunTime:0.000041s ]
INFO: [ app_init ] --END-- [ RunTime:0.002841s ]
INFO: [ app_begin ] --START--
INFO: Run Behavior\ReadHtmlCacheBehavior [ RunTime:0.001835s ]
INFO: [ app_begin ] --END-- [ RunTime:0.001998s ]
SQL: SHOW COLUMNS FROM `blog_article` [ RunTime:0.0177s ]
SQL: SELECT * FROM `blog_article`  [ RunTime:0.0006s ]

[ 2017-08-16T22:02:05+08:00 ] 127.0.0.1 /dome/index.php
INFO: [ app_init ] --START--
INFO: Run Behavior\BuildLiteBehavior [ RunTime:0.000040s ]
INFO: [ app_init ] --END-- [ RunTime:0.001248s ]
INFO: [ app_begin ] --START--
INFO: Run Behavior\ReadHtmlCacheBehavior [ RunTime:0.003597s ]
INFO: [ app_begin ] --END-- [ RunTime:0.003778s ]
SQL: SHOW COLUMNS FROM `blog_article` [ RunTime:0.0180s ]
SQL: SELECT * FROM `blog_article` WHERE `blog_id` = 0  [ RunTime:0.0026s ]

[ 2017-08-16T22:02:41+08:00 ] 127.0.0.1 /dome/index.php
INFO: [ app_init ] --START--
INFO: Run Behavior\BuildLiteBehavior [ RunTime:0.000038s ]
INFO: [ app_init ] --END-- [ RunTime:0.001314s ]
INFO: [ app_begin ] --START--
INFO: Run Behavior\ReadHtmlCacheBehavior [ RunTime:0.004329s ]
INFO: [ app_begin ] --END-- [ RunTime:0.004514s ]
SQL: SHOW COLUMNS FROM `blog_article` [ RunTime:0.0200s ]
SQL: SELECT * FROM `blog_article`  [ RunTime:0.0007s ]

[ 2017-08-16T22:44:56+08:00 ] 127.0.0.1 /dome/home.php
INFO: [ app_init ] --START--
INFO: Run Behavior\BuildLiteBehavior [ RunTime:0.000038s ]
INFO: [ app_init ] --END-- [ RunTime:0.001198s ]
INFO: [ app_begin ] --START--
INFO: Run Behavior\ReadHtmlCacheBehavior [ RunTime:0.001887s ]
INFO: [ app_begin ] --END-- [ RunTime:0.002072s ]
ERR: 无法加载控制器:Home.php

[ 2017-08-16T22:45:05+08:00 ] 127.0.0.1 /dome/index.php
INFO: [ app_init ] --START--
INFO: Run Behavior\BuildLiteBehavior [ RunTime:0.000039s ]
INFO: [ app_init ] --END-- [ RunTime:0.002404s ]
INFO: [ app_begin ] --START--
INFO: Run Behavior\ReadHtmlCacheBehavior [ RunTime:0.002448s ]
INFO: [ app_begin ] --END-- [ RunTime:0.002649s ]
SQL: SHOW COLUMNS FROM `blog_article` [ RunTime:0.0193s ]
SQL: SELECT * FROM `blog_article`  [ RunTime:0.0007s ]

[ 2017-08-16T22:46:20+08:00 ] 127.0.0.1 /dome/index.php
INFO: [ app_init ] --START--
INFO: Run Behavior\BuildLiteBehavior [ RunTime:0.000044s ]
INFO: [ app_init ] --END-- [ RunTime:0.001223s ]
INFO: [ app_begin ] --START--
INFO: Run Behavior\ReadHtmlCacheBehavior [ RunTime:0.001773s ]
INFO: [ app_begin ] --END-- [ RunTime:0.001994s ]
SQL: SHOW COLUMNS FROM `blog_article` [ RunTime:0.0175s ]
SQL: SELECT * FROM `blog_article`  [ RunTime:0.0007s ]
INFO: [ view_parse ] --START--
INFO: [ template_filter ] --START--
INFO: Run Behavior\ContentReplaceBehavior [ RunTime:0.000256s ]
INFO: [ template_filter ] --END-- [ RunTime:0.000409s ]
INFO: Run Behavior\ParseTemplateBehavior [ RunTime:0.036008s ]
INFO: [ view_parse ] --END-- [ RunTime:0.036178s ]
INFO: [ view_filter ] --START--
INFO: Run Behavior\WriteHtmlCacheBehavior [ RunTime:0.000973s ]
INFO: [ view_filter ] --END-- [ RunTime:0.001098s ]
INFO: [ app_end ] --START--
INFO: Run Behavior\ShowPageTraceBehavior [ RunTime:0.007250s ]
INFO: [ app_end ] --END-- [ RunTime:0.007560s ]

