[ 2017-08-21T14:08:30+08:00 ] 127.0.0.1 /dome/index.php
INFO: [ app_init ] --START--
INFO: Run Behavior\BuildLiteBehavior [ RunTime:0.000056s ]
INFO: [ app_init ] --END-- [ RunTime:0.003248s ]
INFO: [ app_begin ] --START--
INFO: Run Behavior\ReadHtmlCacheBehavior [ RunTime:0.004922s ]
INFO: [ app_begin ] --END-- [ RunTime:0.005211s ]
SQL: SHOW COLUMNS FROM `blog_article` [ RunTime:0.0217s ]
SQL: SELECT * FROM `blog_article`  [ RunTime:0.0009s ]
INFO: [ view_parse ] --START--
INFO: [ template_filter ] --START--
INFO: Run Behavior\ContentReplaceBehavior [ RunTime:0.000314s ]
INFO: [ template_filter ] --END-- [ RunTime:0.000509s ]
INFO: Run Behavior\ParseTemplateBehavior [ RunTime:0.064893s ]
INFO: [ view_parse ] --END-- [ RunTime:0.065150s ]
INFO: [ view_filter ] --START--
INFO: Run Behavior\WriteHtmlCacheBehavior [ RunTime:0.005154s ]
INFO: [ view_filter ] --END-- [ RunTime:0.005487s ]
INFO: [ app_end ] --START--
INFO: Run Behavior\ShowPageTraceBehavior [ RunTime:0.008377s ]
INFO: [ app_end ] --END-- [ RunTime:0.008562s ]

[ 2017-08-21T16:08:42+08:00 ] 127.0.0.1 /dome/index.php
INFO: [ app_init ] --START--
INFO: Run Behavior\BuildLiteBehavior [ RunTime:0.000033s ]
INFO: [ app_init ] --END-- [ RunTime:0.001087s ]
INFO: [ app_begin ] --START--
INFO: Run Behavior\ReadHtmlCacheBehavior [ RunTime:0.001758s ]
INFO: [ app_begin ] --END-- [ RunTime:0.001919s ]
SQL: SHOW COLUMNS FROM `blog_article` [ RunTime:0.0171s ]
SQL: SELECT * FROM `blog_article`  [ RunTime:0.0012s ]
INFO: [ view_parse ] --START--
INFO: [ template_filter ] --START--
INFO: Run Behavior\ContentReplaceBehavior [ RunTime:0.000200s ]
INFO: [ template_filter ] --END-- [ RunTime:0.000326s ]
INFO: Run Behavior\ParseTemplateBehavior [ RunTime:0.033764s ]
INFO: [ view_parse ] --END-- [ RunTime:0.033941s ]
INFO: [ view_filter ] --START--
INFO: Run Behavior\WriteHtmlCacheBehavior [ RunTime:0.001248s ]
INFO: [ view_filter ] --END-- [ RunTime:0.001373s ]
INFO: [ app_end ] --START--
INFO: Run Behavior\ShowPageTraceBehavior [ RunTime:0.002280s ]
INFO: [ app_end ] --END-- [ RunTime:0.002940s ]

[ 2017-08-21T19:43:53+08:00 ] 127.0.0.1 /dome/Public/Admin/fonts/fontawesome-webfont.woff2?v=4.6.3
INFO: [ app_init ] --START--
INFO: Run Behavior\BuildLiteBehavior [ RunTime:0.000044s ]
INFO: [ app_init ] --END-- [ RunTime:0.001606s ]
INFO: [ app_begin ] --START--
INFO: Run Behavior\ReadHtmlCacheBehavior [ RunTime:0.001725s ]
INFO: [ app_begin ] --END-- [ RunTime:0.001906s ]
ERR: 无法加载控制器:Public

[ 2017-08-21T19:43:53+08:00 ] 127.0.0.1 /dome/Public/Admin/fonts/fontawesome-webfont.woff?v=4.6.3
INFO: [ app_init ] --START--
INFO: Run Behavior\BuildLiteBehavior [ RunTime:0.000038s ]
INFO: [ app_init ] --END-- [ RunTime:0.001118s ]
INFO: [ app_begin ] --START--
INFO: Run Behavior\ReadHtmlCacheBehavior [ RunTime:0.001448s ]
INFO: [ app_begin ] --END-- [ RunTime:0.001596s ]
ERR: 无法加载控制器:Public

[ 2017-08-21T19:43:53+08:00 ] 127.0.0.1 /dome/Public/Admin/fonts/fontawesome-webfont.ttf?v=4.6.3
INFO: [ app_init ] --START--
INFO: Run Behavior\BuildLiteBehavior [ RunTime:0.000040s ]
INFO: [ app_init ] --END-- [ RunTime:0.001130s ]
INFO: [ app_begin ] --START--
INFO: Run Behavior\ReadHtmlCacheBehavior [ RunTime:0.001578s ]
INFO: [ app_begin ] --END-- [ RunTime:0.001747s ]
ERR: 无法加载控制器:Public

