[ 2017-08-17T00:04:08+08:00 ] 127.0.0.1 /dome/index.php
INFO: [ app_init ] --START--
INFO: Run Behavior\BuildLiteBehavior [ RunTime:0.000038s ]
INFO: [ app_init ] --END-- [ RunTime:0.001107s ]
INFO: [ app_begin ] --START--
INFO: Run Behavior\ReadHtmlCacheBehavior [ RunTime:0.001593s ]
INFO: [ app_begin ] --END-- [ RunTime:0.001756s ]
SQL: SHOW COLUMNS FROM `blog_article` [ RunTime:0.0172s ]
SQL: SELECT * FROM `blog_article`  [ RunTime:0.0007s ]
INFO: [ view_parse ] --START--
INFO: [ template_filter ] --START--
INFO: Run Behavior\ContentReplaceBehavior [ RunTime:0.000330s ]
INFO: [ template_filter ] --END-- [ RunTime:0.000507s ]
INFO: Run Behavior\ParseTemplateBehavior [ RunTime:0.030931s ]
INFO: [ view_parse ] --END-- [ RunTime:0.031096s ]
INFO: [ view_filter ] --START--
INFO: Run Behavior\WriteHtmlCacheBehavior [ RunTime:0.000852s ]
INFO: [ view_filter ] --END-- [ RunTime:0.000972s ]
INFO: [ app_end ] --START--
INFO: Run Behavior\ShowPageTraceBehavior [ RunTime:0.001752s ]
INFO: [ app_end ] --END-- [ RunTime:0.002157s ]

[ 2017-08-17T00:13:02+08:00 ] 127.0.0.1 /dome/index.php
INFO: [ app_init ] --START--
INFO: Run Behavior\BuildLiteBehavior [ RunTime:0.000040s ]
INFO: [ app_init ] --END-- [ RunTime:0.001449s ]
INFO: [ app_begin ] --START--
INFO: Run Behavior\ReadHtmlCacheBehavior [ RunTime:0.002131s ]
INFO: [ app_begin ] --END-- [ RunTime:0.002314s ]
SQL: SHOW COLUMNS FROM `blog_article` [ RunTime:0.0160s ]
SQL: SELECT * FROM `blog_article`  [ RunTime:0.0006s ]
INFO: [ view_parse ] --START--
INFO: [ template_filter ] --START--
INFO: Run Behavior\ContentReplaceBehavior [ RunTime:0.000207s ]
INFO: [ template_filter ] --END-- [ RunTime:0.000346s ]
INFO: Run Behavior\ParseTemplateBehavior [ RunTime:0.030306s ]
INFO: [ view_parse ] --END-- [ RunTime:0.030461s ]
INFO: [ view_filter ] --START--
INFO: Run Behavior\WriteHtmlCacheBehavior [ RunTime:0.001417s ]
INFO: [ view_filter ] --END-- [ RunTime:0.001577s ]
INFO: [ app_end ] --START--
INFO: Run Behavior\ShowPageTraceBehavior [ RunTime:0.002259s ]
INFO: [ app_end ] --END-- [ RunTime:0.002418s ]

[ 2017-08-17T08:48:39+08:00 ] 127.0.0.1 /dome/index.php
INFO: [ app_init ] --START--
INFO: Run Behavior\BuildLiteBehavior [ RunTime:0.000038s ]
INFO: [ app_init ] --END-- [ RunTime:0.002076s ]
INFO: [ app_begin ] --START--
INFO: Run Behavior\ReadHtmlCacheBehavior [ RunTime:0.002770s ]
INFO: [ app_begin ] --END-- [ RunTime:0.002942s ]
SQL: SHOW COLUMNS FROM `blog_article` [ RunTime:0.0155s ]
SQL: SELECT * FROM `blog_article`  [ RunTime:0.0007s ]
INFO: [ view_parse ] --START--
INFO: [ template_filter ] --START--
INFO: Run Behavior\ContentReplaceBehavior [ RunTime:0.000452s ]
INFO: [ template_filter ] --END-- [ RunTime:0.000631s ]
INFO: Run Behavior\ParseTemplateBehavior [ RunTime:0.038219s ]
INFO: [ view_parse ] --END-- [ RunTime:0.038516s ]
INFO: [ view_filter ] --START--
INFO: Run Behavior\WriteHtmlCacheBehavior [ RunTime:0.002087s ]
INFO: [ view_filter ] --END-- [ RunTime:0.002215s ]
INFO: [ app_end ] --START--
INFO: Run Behavior\ShowPageTraceBehavior [ RunTime:0.005281s ]
INFO: [ app_end ] --END-- [ RunTime:0.005900s ]

[ 2017-08-17T08:51:46+08:00 ] 127.0.0.1 /dome/index.php
INFO: [ app_init ] --START--
INFO: Run Behavior\BuildLiteBehavior [ RunTime:0.000038s ]
INFO: [ app_init ] --END-- [ RunTime:0.001164s ]
INFO: [ app_begin ] --START--
INFO: Run Behavior\ReadHtmlCacheBehavior [ RunTime:0.001475s ]
INFO: [ app_begin ] --END-- [ RunTime:0.001632s ]
SQL: SHOW COLUMNS FROM `blog_article` [ RunTime:0.0131s ]
SQL: SELECT * FROM `blog_article`  [ RunTime:0.0005s ]
INFO: [ view_parse ] --START--
INFO: [ template_filter ] --START--
INFO: Run Behavior\ContentReplaceBehavior [ RunTime:0.000214s ]
INFO: [ template_filter ] --END-- [ RunTime:0.000360s ]
INFO: Run Behavior\ParseTemplateBehavior [ RunTime:0.031554s ]
INFO: [ view_parse ] --END-- [ RunTime:0.031724s ]
INFO: [ view_filter ] --START--
INFO: Run Behavior\WriteHtmlCacheBehavior [ RunTime:0.000894s ]
INFO: [ view_filter ] --END-- [ RunTime:0.001015s ]
INFO: [ app_end ] --START--
INFO: Run Behavior\ShowPageTraceBehavior [ RunTime:0.001670s ]
INFO: [ app_end ] --END-- [ RunTime:0.001821s ]

[ 2017-08-17T09:18:38+08:00 ] 127.0.0.1 /dome/index.php
INFO: [ app_init ] --START--
INFO: Run Behavior\BuildLiteBehavior [ RunTime:0.000039s ]
INFO: [ app_init ] --END-- [ RunTime:0.001213s ]
INFO: [ app_begin ] --START--
INFO: Run Behavior\ReadHtmlCacheBehavior [ RunTime:0.001858s ]
INFO: [ app_begin ] --END-- [ RunTime:0.002009s ]
SQL: SHOW COLUMNS FROM `blog_article` [ RunTime:0.0144s ]
SQL: SELECT * FROM `blog_article`  [ RunTime:0.0009s ]
INFO: [ view_parse ] --START--
INFO: [ template_filter ] --START--
INFO: Run Behavior\ContentReplaceBehavior [ RunTime:0.000256s ]
INFO: [ template_filter ] --END-- [ RunTime:0.000404s ]
INFO: Run Behavior\ParseTemplateBehavior [ RunTime:0.032869s ]
INFO: [ view_parse ] --END-- [ RunTime:0.033041s ]
INFO: [ view_filter ] --START--
INFO: Run Behavior\WriteHtmlCacheBehavior [ RunTime:0.001197s ]
INFO: [ view_filter ] --END-- [ RunTime:0.001312s ]
INFO: [ app_end ] --START--
INFO: Run Behavior\ShowPageTraceBehavior [ RunTime:0.002247s ]
INFO: [ app_end ] --END-- [ RunTime:0.002421s ]

[ 2017-08-17T09:23:36+08:00 ] 127.0.0.1 /dome/Public/Admin/fonts/fontawesome-webfont.woff2?v=4.6.3
INFO: [ app_init ] --START--
INFO: Run Behavior\BuildLiteBehavior [ RunTime:0.000037s ]
INFO: [ app_init ] --END-- [ RunTime:0.001144s ]
INFO: [ app_begin ] --START--
INFO: Run Behavior\ReadHtmlCacheBehavior [ RunTime:0.001810s ]
INFO: [ app_begin ] --END-- [ RunTime:0.001996s ]
ERR: 无法加载控制器:Public

[ 2017-08-17T09:23:36+08:00 ] 127.0.0.1 /dome/Public/Admin/fonts/fontawesome-webfont.woff?v=4.6.3
INFO: [ app_init ] --START--
INFO: Run Behavior\BuildLiteBehavior [ RunTime:0.000042s ]
INFO: [ app_init ] --END-- [ RunTime:0.001619s ]
INFO: [ app_begin ] --START--
INFO: Run Behavior\ReadHtmlCacheBehavior [ RunTime:0.002265s ]
INFO: [ app_begin ] --END-- [ RunTime:0.002432s ]
ERR: 无法加载控制器:Public

[ 2017-08-17T09:23:36+08:00 ] 127.0.0.1 /dome/Public/Admin/fonts/fontawesome-webfont.ttf?v=4.6.3
INFO: [ app_init ] --START--
INFO: Run Behavior\BuildLiteBehavior [ RunTime:0.000046s ]
INFO: [ app_init ] --END-- [ RunTime:0.001453s ]
INFO: [ app_begin ] --START--
INFO: Run Behavior\ReadHtmlCacheBehavior [ RunTime:0.003571s ]
INFO: [ app_begin ] --END-- [ RunTime:0.003771s ]
ERR: 无法加载控制器:Public

[ 2017-08-17T09:23:38+08:00 ] 127.0.0.1 /dome/Public/Admin/fonts/fontawesome-webfont.woff2?v=4.6.3
INFO: [ app_init ] --START--
INFO: Run Behavior\BuildLiteBehavior [ RunTime:0.000048s ]
INFO: [ app_init ] --END-- [ RunTime:0.001623s ]
INFO: [ app_begin ] --START--
INFO: Run Behavior\ReadHtmlCacheBehavior [ RunTime:0.001792s ]
INFO: [ app_begin ] --END-- [ RunTime:0.001987s ]
ERR: 无法加载控制器:Public

[ 2017-08-17T09:23:38+08:00 ] 127.0.0.1 /dome/Public/Admin/fonts/fontawesome-webfont.woff?v=4.6.3
INFO: [ app_init ] --START--
INFO: Run Behavior\BuildLiteBehavior [ RunTime:0.000041s ]
INFO: [ app_init ] --END-- [ RunTime:0.001650s ]
INFO: [ app_begin ] --START--
INFO: Run Behavior\ReadHtmlCacheBehavior [ RunTime:0.001616s ]
INFO: [ app_begin ] --END-- [ RunTime:0.001792s ]
ERR: 无法加载控制器:Public

[ 2017-08-17T09:23:38+08:00 ] 127.0.0.1 /dome/Public/Admin/fonts/fontawesome-webfont.ttf?v=4.6.3
INFO: [ app_init ] --START--
INFO: Run Behavior\BuildLiteBehavior [ RunTime:0.000035s ]
INFO: [ app_init ] --END-- [ RunTime:0.001136s ]
INFO: [ app_begin ] --START--
INFO: Run Behavior\ReadHtmlCacheBehavior [ RunTime:0.003919s ]
INFO: [ app_begin ] --END-- [ RunTime:0.004461s ]
ERR: 无法加载控制器:Public

[ 2017-08-17T09:23:46+08:00 ] 127.0.0.1 /dome/Public/Admin/fonts/fontawesome-webfont.woff2?v=4.6.3
INFO: [ app_init ] --START--
INFO: Run Behavior\BuildLiteBehavior [ RunTime:0.000039s ]
INFO: [ app_init ] --END-- [ RunTime:0.001393s ]
INFO: [ app_begin ] --START--
INFO: Run Behavior\ReadHtmlCacheBehavior [ RunTime:0.001746s ]
INFO: [ app_begin ] --END-- [ RunTime:0.001928s ]
ERR: 无法加载控制器:Public

[ 2017-08-17T09:23:46+08:00 ] 127.0.0.1 /dome/Public/Admin/fonts/fontawesome-webfont.woff?v=4.6.3
INFO: [ app_init ] --START--
INFO: Run Behavior\BuildLiteBehavior [ RunTime:0.000040s ]
INFO: [ app_init ] --END-- [ RunTime:0.001274s ]
INFO: [ app_begin ] --START--
INFO: Run Behavior\ReadHtmlCacheBehavior [ RunTime:0.001689s ]
INFO: [ app_begin ] --END-- [ RunTime:0.001889s ]
ERR: 无法加载控制器:Public

[ 2017-08-17T09:23:46+08:00 ] 127.0.0.1 /dome/Public/Admin/fonts/fontawesome-webfont.ttf?v=4.6.3
INFO: [ app_init ] --START--
INFO: Run Behavior\BuildLiteBehavior [ RunTime:0.000041s ]
INFO: [ app_init ] --END-- [ RunTime:0.001242s ]
INFO: [ app_begin ] --START--
INFO: Run Behavior\ReadHtmlCacheBehavior [ RunTime:0.001913s ]
INFO: [ app_begin ] --END-- [ RunTime:0.002094s ]
ERR: 无法加载控制器:Public

[ 2017-08-17T09:39:40+08:00 ] 127.0.0.1 /dome/Public/Admin/fonts/fontawesome-webfont.woff2?v=4.6.3
INFO: [ app_init ] --START--
INFO: Run Behavior\BuildLiteBehavior [ RunTime:0.000041s ]
INFO: [ app_init ] --END-- [ RunTime:0.001267s ]
INFO: [ app_begin ] --START--
INFO: Run Behavior\ReadHtmlCacheBehavior [ RunTime:0.001920s ]
INFO: [ app_begin ] --END-- [ RunTime:0.002115s ]
ERR: 无法加载控制器:Public

[ 2017-08-17T09:39:40+08:00 ] 127.0.0.1 /dome/Public/Admin/fonts/fontawesome-webfont.woff?v=4.6.3
INFO: [ app_init ] --START--
INFO: Run Behavior\BuildLiteBehavior [ RunTime:0.000040s ]
INFO: [ app_init ] --END-- [ RunTime:0.001156s ]
INFO: [ app_begin ] --START--
INFO: Run Behavior\ReadHtmlCacheBehavior [ RunTime:0.002052s ]
INFO: [ app_begin ] --END-- [ RunTime:0.002272s ]
ERR: 无法加载控制器:Public

[ 2017-08-17T09:39:40+08:00 ] 127.0.0.1 /dome/Public/Admin/fonts/fontawesome-webfont.ttf?v=4.6.3
INFO: [ app_init ] --START--
INFO: Run Behavior\BuildLiteBehavior [ RunTime:0.000054s ]
INFO: [ app_init ] --END-- [ RunTime:0.001843s ]
INFO: [ app_begin ] --START--
INFO: Run Behavior\ReadHtmlCacheBehavior [ RunTime:0.002117s ]
INFO: [ app_begin ] --END-- [ RunTime:0.002349s ]
ERR: 无法加载控制器:Public

[ 2017-08-17T14:11:03+08:00 ] 127.0.0.1 /dome/index.php
INFO: [ app_init ] --START--
INFO: Run Behavior\BuildLiteBehavior [ RunTime:0.000047s ]
INFO: [ app_init ] --END-- [ RunTime:0.001807s ]
INFO: [ app_begin ] --START--
INFO: Run Behavior\ReadHtmlCacheBehavior [ RunTime:0.002434s ]
INFO: [ app_begin ] --END-- [ RunTime:0.002619s ]
SQL: SHOW COLUMNS FROM `blog_article` [ RunTime:0.0155s ]
SQL: SELECT * FROM `blog_article`  [ RunTime:0.0007s ]
INFO: [ view_parse ] --START--
INFO: [ template_filter ] --START--
INFO: Run Behavior\ContentReplaceBehavior [ RunTime:0.000283s ]
INFO: [ template_filter ] --END-- [ RunTime:0.000482s ]
INFO: Run Behavior\ParseTemplateBehavior [ RunTime:0.045311s ]
INFO: [ view_parse ] --END-- [ RunTime:0.045507s ]
INFO: [ view_filter ] --START--
INFO: Run Behavior\WriteHtmlCacheBehavior [ RunTime:0.001619s ]
INFO: [ view_filter ] --END-- [ RunTime:0.001793s ]
INFO: [ app_end ] --START--
INFO: Run Behavior\ShowPageTraceBehavior [ RunTime:0.007074s ]
INFO: [ app_end ] --END-- [ RunTime:0.007587s ]

[ 2017-08-17T22:17:40+08:00 ] 127.0.0.1 /dome/index.php
INFO: [ app_init ] --START--
INFO: Run Behavior\BuildLiteBehavior [ RunTime:0.000046s ]
INFO: [ app_init ] --END-- [ RunTime:0.005627s ]
INFO: [ app_begin ] --START--
INFO: Run Behavior\ReadHtmlCacheBehavior [ RunTime:0.003140s ]
INFO: [ app_begin ] --END-- [ RunTime:0.003355s ]
SQL: SHOW COLUMNS FROM `blog_article` [ RunTime:0.0201s ]
SQL: SELECT * FROM `blog_article`  [ RunTime:0.0010s ]
INFO: [ view_parse ] --START--
INFO: [ template_filter ] --START--
INFO: Run Behavior\ContentReplaceBehavior [ RunTime:0.000784s ]
INFO: [ template_filter ] --END-- [ RunTime:0.001213s ]
INFO: Run Behavior\ParseTemplateBehavior [ RunTime:0.037759s ]
INFO: [ view_parse ] --END-- [ RunTime:0.037927s ]
INFO: [ view_filter ] --START--
INFO: Run Behavior\WriteHtmlCacheBehavior [ RunTime:0.001641s ]
INFO: [ view_filter ] --END-- [ RunTime:0.001769s ]
INFO: [ app_end ] --START--
INFO: Run Behavior\ShowPageTraceBehavior [ RunTime:0.003275s ]
INFO: [ app_end ] --END-- [ RunTime:0.003443s ]

